<?xml version="1.0" encoding="UTF-8"?>
<testsuite xmlns:xsi="http://www.w3.org/2001/XMLSchema-instance" xsi:noNamespaceSchemaLocation="https://maven.apache.org/surefire/maven-surefire-plugin/xsd/surefire-test-report.xsd" name="com.lwh.shoppingwebsite.ShoppingwebsiteApplicationTests" time="8.732" tests="1" errors="0" skipped="0" failures="0">
  <properties>
    <property name="sun.desktop" value="windows"/>
    <property name="awt.toolkit" value="sun.awt.windows.WToolkit"/>
    <property name="file.encoding.pkg" value="sun.io"/>
    <property name="java.specification.version" value="1.8"/>
    <property name="sun.cpu.isalist" value="amd64"/>
    <property name="sun.jnu.encoding" value="GBK"/>
    <property name="java.class.path" value="D:\Workspaces\IDEA\shoppingwebsite\target\test-classes;D:\Workspaces\IDEA\shoppingwebsite\target\classes;D:\Workspaces\mavenRepository\org\springframework\boot\spring-boot-starter-data-jpa\2.6.3\spring-boot-starter-data-jpa-2.6.3.jar;D:\Workspaces\mavenRepository\org\springframework\boot\spring-boot-starter-aop\2.6.3\spring-boot-starter-aop-2.6.3.jar;D:\Workspaces\mavenRepository\org\springframework\spring-aop\5.3.15\spring-aop-5.3.15.jar;D:\Workspaces\mavenRepository\org\aspectj\aspectjweaver\1.9.7\aspectjweaver-1.9.7.jar;D:\Workspaces\mavenRepository\org\springframework\boot\spring-boot-starter-jdbc\2.6.3\spring-boot-starter-jdbc-2.6.3.jar;D:\Workspaces\mavenRepository\com\zaxxer\HikariCP\4.0.3\HikariCP-4.0.3.jar;D:\Workspaces\mavenRepository\org\springframework\spring-jdbc\5.3.15\spring-jdbc-5.3.15.jar;D:\Workspaces\mavenRepository\jakarta\transaction\jakarta.transaction-api\1.3.3\jakarta.transaction-api-1.3.3.jar;D:\Workspaces\mavenRepository\jakarta\persistence\jakarta.persistence-api\2.2.3\jakarta.persistence-api-2.2.3.jar;D:\Workspaces\mavenRepository\org\hibernate\hibernate-core\5.6.4.Final\hibernate-core-5.6.4.Final.jar;D:\Workspaces\mavenRepository\org\jboss\logging\jboss-logging\3.4.3.Final\jboss-logging-3.4.3.Final.jar;D:\Workspaces\mavenRepository\net\bytebuddy\byte-buddy\1.11.22\byte-buddy-1.11.22.jar;D:\Workspaces\mavenRepository\antlr\antlr\2.7.7\antlr-2.7.7.jar;D:\Workspaces\mavenRepository\org\jboss\jandex\2.4.2.Final\jandex-2.4.2.Final.jar;D:\Workspaces\mavenRepository\com\fasterxml\classmate\1.5.1\classmate-1.5.1.jar;D:\Workspaces\mavenRepository\org\hibernate\common\hibernate-commons-annotations\5.1.2.Final\hibernate-commons-annotations-5.1.2.Final.jar;D:\Workspaces\mavenRepository\org\glassfish\jaxb\jaxb-runtime\2.3.5\jaxb-runtime-2.3.5.jar;D:\Workspaces\mavenRepository\org\glassfish\jaxb\txw2\2.3.5\txw2-2.3.5.jar;D:\Workspaces\mavenRepository\com\sun\istack\istack-commons-runtime\3.0.12\istack-commons-runtime-3.0.12.jar;D:\Workspaces\mavenRepository\com\sun\activation\jakarta.activation\1.2.2\jakarta.activation-1.2.2.jar;D:\Workspaces\mavenRepository\org\springframework\data\spring-data-jpa\2.6.1\spring-data-jpa-2.6.1.jar;D:\Workspaces\mavenRepository\org\springframework\data\spring-data-commons\2.6.1\spring-data-commons-2.6.1.jar;D:\Workspaces\mavenRepository\org\springframework\spring-orm\5.3.15\spring-orm-5.3.15.jar;D:\Workspaces\mavenRepository\org\springframework\spring-context\5.3.15\spring-context-5.3.15.jar;D:\Workspaces\mavenRepository\org\springframework\spring-tx\5.3.15\spring-tx-5.3.15.jar;D:\Workspaces\mavenRepository\org\springframework\spring-beans\5.3.15\spring-beans-5.3.15.jar;D:\Workspaces\mavenRepository\org\slf4j\slf4j-api\1.7.33\slf4j-api-1.7.33.jar;D:\Workspaces\mavenRepository\org\springframework\spring-aspects\5.3.15\spring-aspects-5.3.15.jar;D:\Workspaces\mavenRepository\org\springframework\boot\spring-boot-starter-data-redis\2.6.3\spring-boot-starter-data-redis-2.6.3.jar;D:\Workspaces\mavenRepository\org\springframework\boot\spring-boot-starter\2.6.3\spring-boot-starter-2.6.3.jar;D:\Workspaces\mavenRepository\org\springframework\boot\spring-boot\2.6.3\spring-boot-2.6.3.jar;D:\Workspaces\mavenRepository\org\springframework\boot\spring-boot-autoconfigure\2.6.3\spring-boot-autoconfigure-2.6.3.jar;D:\Workspaces\mavenRepository\org\springframework\boot\spring-boot-starter-logging\2.6.3\spring-boot-starter-logging-2.6.3.jar;D:\Workspaces\mavenRepository\ch\qos\logback\logback-classic\1.2.10\logback-classic-1.2.10.jar;D:\Workspaces\mavenRepository\ch\qos\logback\logback-core\1.2.10\logback-core-1.2.10.jar;D:\Workspaces\mavenRepository\org\apache\logging\log4j\log4j-to-slf4j\2.17.1\log4j-to-slf4j-2.17.1.jar;D:\Workspaces\mavenRepository\org\apache\logging\log4j\log4j-api\2.17.1\log4j-api-2.17.1.jar;D:\Workspaces\mavenRepository\org\slf4j\jul-to-slf4j\1.7.33\jul-to-slf4j-1.7.33.jar;D:\Workspaces\mavenRepository\jakarta\annotation\jakarta.annotation-api\1.3.5\jakarta.annotation-api-1.3.5.jar;D:\Workspaces\mavenRepository\org\yaml\snakeyaml\1.29\snakeyaml-1.29.jar;D:\Workspaces\mavenRepository\org\springframework\data\spring-data-redis\2.6.1\spring-data-redis-2.6.1.jar;D:\Workspaces\mavenRepository\org\springframework\data\spring-data-keyvalue\2.6.1\spring-data-keyvalue-2.6.1.jar;D:\Workspaces\mavenRepository\org\springframework\spring-oxm\5.3.15\spring-oxm-5.3.15.jar;D:\Workspaces\mavenRepository\org\springframework\spring-context-support\5.3.15\spring-context-support-5.3.15.jar;D:\Workspaces\mavenRepository\io\lettuce\lettuce-core\6.1.6.RELEASE\lettuce-core-6.1.6.RELEASE.jar;D:\Workspaces\mavenRepository\io\netty\netty-common\4.1.73.Final\netty-common-4.1.73.Final.jar;D:\Workspaces\mavenRepository\io\netty\netty-handler\4.1.73.Final\netty-handler-4.1.73.Final.jar;D:\Workspaces\mavenRepository\io\netty\netty-resolver\4.1.73.Final\netty-resolver-4.1.73.Final.jar;D:\Workspaces\mavenRepository\io\netty\netty-buffer\4.1.73.Final\netty-buffer-4.1.73.Final.jar;D:\Workspaces\mavenRepository\io\netty\netty-codec\4.1.73.Final\netty-codec-4.1.73.Final.jar;D:\Workspaces\mavenRepository\io\netty\netty-tcnative-classes\2.0.46.Final\netty-tcnative-classes-2.0.46.Final.jar;D:\Workspaces\mavenRepository\io\netty\netty-transport\4.1.73.Final\netty-transport-4.1.73.Final.jar;D:\Workspaces\mavenRepository\io\projectreactor\reactor-core\3.4.14\reactor-core-3.4.14.jar;D:\Workspaces\mavenRepository\org\reactivestreams\reactive-streams\1.0.3\reactive-streams-1.0.3.jar;D:\Workspaces\mavenRepository\org\springframework\boot\spring-boot-starter-web\2.6.3\spring-boot-starter-web-2.6.3.jar;D:\Workspaces\mavenRepository\org\springframework\boot\spring-boot-starter-json\2.6.3\spring-boot-starter-json-2.6.3.jar;D:\Workspaces\mavenRepository\com\fasterxml\jackson\core\jackson-databind\2.13.1\jackson-databind-2.13.1.jar;D:\Workspaces\mavenRepository\com\fasterxml\jackson\core\jackson-annotations\2.13.1\jackson-annotations-2.13.1.jar;D:\Workspaces\mavenRepository\com\fasterxml\jackson\core\jackson-core\2.13.1\jackson-core-2.13.1.jar;D:\Workspaces\mavenRepository\com\fasterxml\jackson\datatype\jackson-datatype-jdk8\2.13.1\jackson-datatype-jdk8-2.13.1.jar;D:\Workspaces\mavenRepository\com\fasterxml\jackson\datatype\jackson-datatype-jsr310\2.13.1\jackson-datatype-jsr310-2.13.1.jar;D:\Workspaces\mavenRepository\com\fasterxml\jackson\module\jackson-module-parameter-names\2.13.1\jackson-module-parameter-names-2.13.1.jar;D:\Workspaces\mavenRepository\org\springframework\boot\spring-boot-starter-tomcat\2.6.3\spring-boot-starter-tomcat-2.6.3.jar;D:\Workspaces\mavenRepository\org\apache\tomcat\embed\tomcat-embed-core\9.0.56\tomcat-embed-core-9.0.56.jar;D:\Workspaces\mavenRepository\org\apache\tomcat\embed\tomcat-embed-el\9.0.56\tomcat-embed-el-9.0.56.jar;D:\Workspaces\mavenRepository\org\apache\tomcat\embed\tomcat-embed-websocket\9.0.56\tomcat-embed-websocket-9.0.56.jar;D:\Workspaces\mavenRepository\org\springframework\spring-web\5.3.15\spring-web-5.3.15.jar;D:\Workspaces\mavenRepository\org\springframework\spring-webmvc\5.3.15\spring-webmvc-5.3.15.jar;D:\Workspaces\mavenRepository\org\springframework\spring-expression\5.3.15\spring-expression-5.3.15.jar;D:\Workspaces\mavenRepository\mysql\mysql-connector-java\8.0.28\mysql-connector-java-8.0.28.jar;D:\Workspaces\mavenRepository\org\springframework\boot\spring-boot-starter-test\2.6.3\spring-boot-starter-test-2.6.3.jar;D:\Workspaces\mavenRepository\org\springframework\boot\spring-boot-test\2.6.3\spring-boot-test-2.6.3.jar;D:\Workspaces\mavenRepository\org\springframework\boot\spring-boot-test-autoconfigure\2.6.3\spring-boot-test-autoconfigure-2.6.3.jar;D:\Workspaces\mavenRepository\com\jayway\jsonpath\json-path\2.6.0\json-path-2.6.0.jar;D:\Workspaces\mavenRepository\net\minidev\json-smart\2.4.7\json-smart-2.4.7.jar;D:\Workspaces\mavenRepository\net\minidev\accessors-smart\2.4.7\accessors-smart-2.4.7.jar;D:\Workspaces\mavenRepository\org\ow2\asm\asm\9.1\asm-9.1.jar;D:\Workspaces\mavenRepository\jakarta\xml\bind\jakarta.xml.bind-api\2.3.3\jakarta.xml.bind-api-2.3.3.jar;D:\Workspaces\mavenRepository\jakarta\activation\jakarta.activation-api\1.2.2\jakarta.activation-api-1.2.2.jar;D:\Workspaces\mavenRepository\org\assertj\assertj-core\3.21.0\assertj-core-3.21.0.jar;D:\Workspaces\mavenRepository\org\hamcrest\hamcrest\2.2\hamcrest-2.2.jar;D:\Workspaces\mavenRepository\org\junit\jupiter\junit-jupiter\5.8.2\junit-jupiter-5.8.2.jar;D:\Workspaces\mavenRepository\org\junit\jupiter\junit-jupiter-api\5.8.2\junit-jupiter-api-5.8.2.jar;D:\Workspaces\mavenRepository\org\opentest4j\opentest4j\1.2.0\opentest4j-1.2.0.jar;D:\Workspaces\mavenRepository\org\junit\platform\junit-platform-commons\1.8.2\junit-platform-commons-1.8.2.jar;D:\Workspaces\mavenRepository\org\apiguardian\apiguardian-api\1.1.2\apiguardian-api-1.1.2.jar;D:\Workspaces\mavenRepository\org\junit\jupiter\junit-jupiter-params\5.8.2\junit-jupiter-params-5.8.2.jar;D:\Workspaces\mavenRepository\org\junit\jupiter\junit-jupiter-engine\5.8.2\junit-jupiter-engine-5.8.2.jar;D:\Workspaces\mavenRepository\org\junit\platform\junit-platform-engine\1.8.2\junit-platform-engine-1.8.2.jar;D:\Workspaces\mavenRepository\org\mockito\mockito-core\4.0.0\mockito-core-4.0.0.jar;D:\Workspaces\mavenRepository\net\bytebuddy\byte-buddy-agent\1.11.22\byte-buddy-agent-1.11.22.jar;D:\Workspaces\mavenRepository\org\objenesis\objenesis\3.2\objenesis-3.2.jar;D:\Workspaces\mavenRepository\org\mockito\mockito-junit-jupiter\4.0.0\mockito-junit-jupiter-4.0.0.jar;D:\Workspaces\mavenRepository\org\skyscreamer\jsonassert\1.5.0\jsonassert-1.5.0.jar;D:\Workspaces\mavenRepository\com\vaadin\external\google\android-json\0.0.20131108.vaadin1\android-json-0.0.20131108.vaadin1.jar;D:\Workspaces\mavenRepository\org\springframework\spring-core\5.3.15\spring-core-5.3.15.jar;D:\Workspaces\mavenRepository\org\springframework\spring-jcl\5.3.15\spring-jcl-5.3.15.jar;D:\Workspaces\mavenRepository\org\springframework\spring-test\5.3.15\spring-test-5.3.15.jar;D:\Workspaces\mavenRepository\org\xmlunit\xmlunit-core\2.8.4\xmlunit-core-2.8.4.jar;D:\Workspaces\mavenRepository\org\mybatis\mybatis\3.5.7\mybatis-3.5.7.jar;D:\Workspaces\mavenRepository\org\mybatis\spring\boot\mybatis-spring-boot-starter\1.2.0\mybatis-spring-boot-starter-1.2.0.jar;D:\Workspaces\mavenRepository\org\mybatis\spring\boot\mybatis-spring-boot-autoconfigure\1.2.0\mybatis-spring-boot-autoconfigure-1.2.0.jar;D:\Workspaces\mavenRepository\org\mybatis\mybatis-spring\1.3.1\mybatis-spring-1.3.1.jar;"/>
    <property name="java.vm.vendor" value="Oracle Corporation"/>
    <property name="sun.arch.data.model" value="64"/>
    <property name="user.variant" value=""/>
    <property name="java.vendor.url" value="http://java.oracle.com/"/>
    <property name="user.timezone" value="Asia/Shanghai"/>
    <property name="java.vm.specification.version" value="1.8"/>
    <property name="os.name" value="Windows 10"/>
    <property name="user.country" value="CN"/>
    <property name="sun.java.launcher" value="SUN_STANDARD"/>
    <property name="sun.boot.library.path" value="D:\Program Files\Java\jdk1.8.0_171\jre\bin"/>
    <property name="sun.java.command" value="C:\Users\whwen\AppData\Local\Temp\surefire8458085028771269207\surefirebooter2099775070416134008.jar C:\Users\whwen\AppData\Local\Temp\surefire8458085028771269207 2022-03-03T16-03-00_971-jvmRun1 surefire1107320696453946022tmp surefire_05718185278112640187tmp"/>
    <property name="surefire.test.class.path" value="D:\Workspaces\IDEA\shoppingwebsite\target\test-classes;D:\Workspaces\IDEA\shoppingwebsite\target\classes;D:\Workspaces\mavenRepository\org\springframework\boot\spring-boot-starter-data-jpa\2.6.3\spring-boot-starter-data-jpa-2.6.3.jar;D:\Workspaces\mavenRepository\org\springframework\boot\spring-boot-starter-aop\2.6.3\spring-boot-starter-aop-2.6.3.jar;D:\Workspaces\mavenRepository\org\springframework\spring-aop\5.3.15\spring-aop-5.3.15.jar;D:\Workspaces\mavenRepository\org\aspectj\aspectjweaver\1.9.7\aspectjweaver-1.9.7.jar;D:\Workspaces\mavenRepository\org\springframework\boot\spring-boot-starter-jdbc\2.6.3\spring-boot-starter-jdbc-2.6.3.jar;D:\Workspaces\mavenRepository\com\zaxxer\HikariCP\4.0.3\HikariCP-4.0.3.jar;D:\Workspaces\mavenRepository\org\springframework\spring-jdbc\5.3.15\spring-jdbc-5.3.15.jar;D:\Workspaces\mavenRepository\jakarta\transaction\jakarta.transaction-api\1.3.3\jakarta.transaction-api-1.3.3.jar;D:\Workspaces\mavenRepository\jakarta\persistence\jakarta.persistence-api\2.2.3\jakarta.persistence-api-2.2.3.jar;D:\Workspaces\mavenRepository\org\hibernate\hibernate-core\5.6.4.Final\hibernate-core-5.6.4.Final.jar;D:\Workspaces\mavenRepository\org\jboss\logging\jboss-logging\3.4.3.Final\jboss-logging-3.4.3.Final.jar;D:\Workspaces\mavenRepository\net\bytebuddy\byte-buddy\1.11.22\byte-buddy-1.11.22.jar;D:\Workspaces\mavenRepository\antlr\antlr\2.7.7\antlr-2.7.7.jar;D:\Workspaces\mavenRepository\org\jboss\jandex\2.4.2.Final\jandex-2.4.2.Final.jar;D:\Workspaces\mavenRepository\com\fasterxml\classmate\1.5.1\classmate-1.5.1.jar;D:\Workspaces\mavenRepository\org\hibernate\common\hibernate-commons-annotations\5.1.2.Final\hibernate-commons-annotations-5.1.2.Final.jar;D:\Workspaces\mavenRepository\org\glassfish\jaxb\jaxb-runtime\2.3.5\jaxb-runtime-2.3.5.jar;D:\Workspaces\mavenRepository\org\glassfish\jaxb\txw2\2.3.5\txw2-2.3.5.jar;D:\Workspaces\mavenRepository\com\sun\istack\istack-commons-runtime\3.0.12\istack-commons-runtime-3.0.12.jar;D:\Workspaces\mavenRepository\com\sun\activation\jakarta.activation\1.2.2\jakarta.activation-1.2.2.jar;D:\Workspaces\mavenRepository\org\springframework\data\spring-data-jpa\2.6.1\spring-data-jpa-2.6.1.jar;D:\Workspaces\mavenRepository\org\springframework\data\spring-data-commons\2.6.1\spring-data-commons-2.6.1.jar;D:\Workspaces\mavenRepository\org\springframework\spring-orm\5.3.15\spring-orm-5.3.15.jar;D:\Workspaces\mavenRepository\org\springframework\spring-context\5.3.15\spring-context-5.3.15.jar;D:\Workspaces\mavenRepository\org\springframework\spring-tx\5.3.15\spring-tx-5.3.15.jar;D:\Workspaces\mavenRepository\org\springframework\spring-beans\5.3.15\spring-beans-5.3.15.jar;D:\Workspaces\mavenRepository\org\slf4j\slf4j-api\1.7.33\slf4j-api-1.7.33.jar;D:\Workspaces\mavenRepository\org\springframework\spring-aspects\5.3.15\spring-aspects-5.3.15.jar;D:\Workspaces\mavenRepository\org\springframework\boot\spring-boot-starter-data-redis\2.6.3\spring-boot-starter-data-redis-2.6.3.jar;D:\Workspaces\mavenRepository\org\springframework\boot\spring-boot-starter\2.6.3\spring-boot-starter-2.6.3.jar;D:\Workspaces\mavenRepository\org\springframework\boot\spring-boot\2.6.3\spring-boot-2.6.3.jar;D:\Workspaces\mavenRepository\org\springframework\boot\spring-boot-autoconfigure\2.6.3\spring-boot-autoconfigure-2.6.3.jar;D:\Workspaces\mavenRepository\org\springframework\boot\spring-boot-starter-logging\2.6.3\spring-boot-starter-logging-2.6.3.jar;D:\Workspaces\mavenRepository\ch\qos\logback\logback-classic\1.2.10\logback-classic-1.2.10.jar;D:\Workspaces\mavenRepository\ch\qos\logback\logback-core\1.2.10\logback-core-1.2.10.jar;D:\Workspaces\mavenRepository\org\apache\logging\log4j\log4j-to-slf4j\2.17.1\log4j-to-slf4j-2.17.1.jar;D:\Workspaces\mavenRepository\org\apache\logging\log4j\log4j-api\2.17.1\log4j-api-2.17.1.jar;D:\Workspaces\mavenRepository\org\slf4j\jul-to-slf4j\1.7.33\jul-to-slf4j-1.7.33.jar;D:\Workspaces\mavenRepository\jakarta\annotation\jakarta.annotation-api\1.3.5\jakarta.annotation-api-1.3.5.jar;D:\Workspaces\mavenRepository\org\yaml\snakeyaml\1.29\snakeyaml-1.29.jar;D:\Workspaces\mavenRepository\org\springframework\data\spring-data-redis\2.6.1\spring-data-redis-2.6.1.jar;D:\Workspaces\mavenRepository\org\springframework\data\spring-data-keyvalue\2.6.1\spring-data-keyvalue-2.6.1.jar;D:\Workspaces\mavenRepository\org\springframework\spring-oxm\5.3.15\spring-oxm-5.3.15.jar;D:\Workspaces\mavenRepository\org\springframework\spring-context-support\5.3.15\spring-context-support-5.3.15.jar;D:\Workspaces\mavenRepository\io\lettuce\lettuce-core\6.1.6.RELEASE\lettuce-core-6.1.6.RELEASE.jar;D:\Workspaces\mavenRepository\io\netty\netty-common\4.1.73.Final\netty-common-4.1.73.Final.jar;D:\Workspaces\mavenRepository\io\netty\netty-handler\4.1.73.Final\netty-handler-4.1.73.Final.jar;D:\Workspaces\mavenRepository\io\netty\netty-resolver\4.1.73.Final\netty-resolver-4.1.73.Final.jar;D:\Workspaces\mavenRepository\io\netty\netty-buffer\4.1.73.Final\netty-buffer-4.1.73.Final.jar;D:\Workspaces\mavenRepository\io\netty\netty-codec\4.1.73.Final\netty-codec-4.1.73.Final.jar;D:\Workspaces\mavenRepository\io\netty\netty-tcnative-classes\2.0.46.Final\netty-tcnative-classes-2.0.46.Final.jar;D:\Workspaces\mavenRepository\io\netty\netty-transport\4.1.73.Final\netty-transport-4.1.73.Final.jar;D:\Workspaces\mavenRepository\io\projectreactor\reactor-core\3.4.14\reactor-core-3.4.14.jar;D:\Workspaces\mavenRepository\org\reactivestreams\reactive-streams\1.0.3\reactive-streams-1.0.3.jar;D:\Workspaces\mavenRepository\org\springframework\boot\spring-boot-starter-web\2.6.3\spring-boot-starter-web-2.6.3.jar;D:\Workspaces\mavenRepository\org\springframework\boot\spring-boot-starter-json\2.6.3\spring-boot-starter-json-2.6.3.jar;D:\Workspaces\mavenRepository\com\fasterxml\jackson\core\jackson-databind\2.13.1\jackson-databind-2.13.1.jar;D:\Workspaces\mavenRepository\com\fasterxml\jackson\core\jackson-annotations\2.13.1\jackson-annotations-2.13.1.jar;D:\Workspaces\mavenRepository\com\fasterxml\jackson\core\jackson-core\2.13.1\jackson-core-2.13.1.jar;D:\Workspaces\mavenRepository\com\fasterxml\jackson\datatype\jackson-datatype-jdk8\2.13.1\jackson-datatype-jdk8-2.13.1.jar;D:\Workspaces\mavenRepository\com\fasterxml\jackson\datatype\jackson-datatype-jsr310\2.13.1\jackson-datatype-jsr310-2.13.1.jar;D:\Workspaces\mavenRepository\com\fasterxml\jackson\module\jackson-module-parameter-names\2.13.1\jackson-module-parameter-names-2.13.1.jar;D:\Workspaces\mavenRepository\org\springframework\boot\spring-boot-starter-tomcat\2.6.3\spring-boot-starter-tomcat-2.6.3.jar;D:\Workspaces\mavenRepository\org\apache\tomcat\embed\tomcat-embed-core\9.0.56\tomcat-embed-core-9.0.56.jar;D:\Workspaces\mavenRepository\org\apache\tomcat\embed\tomcat-embed-el\9.0.56\tomcat-embed-el-9.0.56.jar;D:\Workspaces\mavenRepository\org\apache\tomcat\embed\tomcat-embed-websocket\9.0.56\tomcat-embed-websocket-9.0.56.jar;D:\Workspaces\mavenRepository\org\springframework\spring-web\5.3.15\spring-web-5.3.15.jar;D:\Workspaces\mavenRepository\org\springframework\spring-webmvc\5.3.15\spring-webmvc-5.3.15.jar;D:\Workspaces\mavenRepository\org\springframework\spring-expression\5.3.15\spring-expression-5.3.15.jar;D:\Workspaces\mavenRepository\mysql\mysql-connector-java\8.0.28\mysql-connector-java-8.0.28.jar;D:\Workspaces\mavenRepository\org\springframework\boot\spring-boot-starter-test\2.6.3\spring-boot-starter-test-2.6.3.jar;D:\Workspaces\mavenRepository\org\springframework\boot\spring-boot-test\2.6.3\spring-boot-test-2.6.3.jar;D:\Workspaces\mavenRepository\org\springframework\boot\spring-boot-test-autoconfigure\2.6.3\spring-boot-test-autoconfigure-2.6.3.jar;D:\Workspaces\mavenRepository\com\jayway\jsonpath\json-path\2.6.0\json-path-2.6.0.jar;D:\Workspaces\mavenRepository\net\minidev\json-smart\2.4.7\json-smart-2.4.7.jar;D:\Workspaces\mavenRepository\net\minidev\accessors-smart\2.4.7\accessors-smart-2.4.7.jar;D:\Workspaces\mavenRepository\org\ow2\asm\asm\9.1\asm-9.1.jar;D:\Workspaces\mavenRepository\jakarta\xml\bind\jakarta.xml.bind-api\2.3.3\jakarta.xml.bind-api-2.3.3.jar;D:\Workspaces\mavenRepository\jakarta\activation\jakarta.activation-api\1.2.2\jakarta.activation-api-1.2.2.jar;D:\Workspaces\mavenRepository\org\assertj\assertj-core\3.21.0\assertj-core-3.21.0.jar;D:\Workspaces\mavenRepository\org\hamcrest\hamcrest\2.2\hamcrest-2.2.jar;D:\Workspaces\mavenRepository\org\junit\jupiter\junit-jupiter\5.8.2\junit-jupiter-5.8.2.jar;D:\Workspaces\mavenRepository\org\junit\jupiter\junit-jupiter-api\5.8.2\junit-jupiter-api-5.8.2.jar;D:\Workspaces\mavenRepository\org\opentest4j\opentest4j\1.2.0\opentest4j-1.2.0.jar;D:\Workspaces\mavenRepository\org\junit\platform\junit-platform-commons\1.8.2\junit-platform-commons-1.8.2.jar;D:\Workspaces\mavenRepository\org\apiguardian\apiguardian-api\1.1.2\apiguardian-api-1.1.2.jar;D:\Workspaces\mavenRepository\org\junit\jupiter\junit-jupiter-params\5.8.2\junit-jupiter-params-5.8.2.jar;D:\Workspaces\mavenRepository\org\junit\jupiter\junit-jupiter-engine\5.8.2\junit-jupiter-engine-5.8.2.jar;D:\Workspaces\mavenRepository\org\junit\platform\junit-platform-engine\1.8.2\junit-platform-engine-1.8.2.jar;D:\Workspaces\mavenRepository\org\mockito\mockito-core\4.0.0\mockito-core-4.0.0.jar;D:\Workspaces\mavenRepository\net\bytebuddy\byte-buddy-agent\1.11.22\byte-buddy-agent-1.11.22.jar;D:\Workspaces\mavenRepository\org\objenesis\objenesis\3.2\objenesis-3.2.jar;D:\Workspaces\mavenRepository\org\mockito\mockito-junit-jupiter\4.0.0\mockito-junit-jupiter-4.0.0.jar;D:\Workspaces\mavenRepository\org\skyscreamer\jsonassert\1.5.0\jsonassert-1.5.0.jar;D:\Workspaces\mavenRepository\com\vaadin\external\google\android-json\0.0.20131108.vaadin1\android-json-0.0.20131108.vaadin1.jar;D:\Workspaces\mavenRepository\org\springframework\spring-core\5.3.15\spring-core-5.3.15.jar;D:\Workspaces\mavenRepository\org\springframework\spring-jcl\5.3.15\spring-jcl-5.3.15.jar;D:\Workspaces\mavenRepository\org\springframework\spring-test\5.3.15\spring-test-5.3.15.jar;D:\Workspaces\mavenRepository\org\xmlunit\xmlunit-core\2.8.4\xmlunit-core-2.8.4.jar;D:\Workspaces\mavenRepository\org\mybatis\mybatis\3.5.7\mybatis-3.5.7.jar;D:\Workspaces\mavenRepository\org\mybatis\spring\boot\mybatis-spring-boot-starter\1.2.0\mybatis-spring-boot-starter-1.2.0.jar;D:\Workspaces\mavenRepository\org\mybatis\spring\boot\mybatis-spring-boot-autoconfigure\1.2.0\mybatis-spring-boot-autoconfigure-1.2.0.jar;D:\Workspaces\mavenRepository\org\mybatis\mybatis-spring\1.3.1\mybatis-spring-1.3.1.jar;"/>
    <property name="sun.cpu.endian" value="little"/>
    <property name="user.home" value="C:\Users\whwen"/>
    <property name="user.language" value="zh"/>
    <property name="java.specification.vendor" value="Oracle Corporation"/>
    <property name="java.home" value="D:\Program Files\Java\jdk1.8.0_171\jre"/>
    <property name="basedir" value="D:\Workspaces\IDEA\shoppingwebsite"/>
    <property name="file.separator" value="\"/>
    <property name="line.separator" value="&#10;"/>
    <property name="java.vm.specification.vendor" value="Oracle Corporation"/>
    <property name="java.specification.name" value="Java Platform API Specification"/>
    <property name="java.awt.graphicsenv" value="sun.awt.Win32GraphicsEnvironment"/>
    <property name="surefire.real.class.path" value="C:\Users\whwen\AppData\Local\Temp\surefire8458085028771269207\surefirebooter2099775070416134008.jar"/>
    <property name="sun.boot.class.path" value="D:\Program Files\Java\jdk1.8.0_171\jre\lib\resources.jar;D:\Program Files\Java\jdk1.8.0_171\jre\lib\rt.jar;D:\Program Files\Java\jdk1.8.0_171\jre\lib\sunrsasign.jar;D:\Program Files\Java\jdk1.8.0_171\jre\lib\jsse.jar;D:\Program Files\Java\jdk1.8.0_171\jre\lib\jce.jar;D:\Program Files\Java\jdk1.8.0_171\jre\lib\charsets.jar;D:\Program Files\Java\jdk1.8.0_171\jre\lib\jfr.jar;D:\Program Files\Java\jdk1.8.0_171\jre\classes"/>
    <property name="user.script" value=""/>
    <property name="sun.management.compiler" value="HotSpot 64-Bit Tiered Compilers"/>
    <property name="java.runtime.version" value="1.8.0_171-b11"/>
    <property name="user.name" value="whwen"/>
    <property name="path.separator" value=";"/>
    <property name="os.version" value="10.0"/>
    <property name="java.endorsed.dirs" value="D:\Program Files\Java\jdk1.8.0_171\jre\lib\endorsed"/>
    <property name="java.runtime.name" value="Java(TM) SE Runtime Environment"/>
    <property name="file.encoding" value="GBK"/>
    <property name="java.vm.name" value="Java HotSpot(TM) 64-Bit Server VM"/>
    <property name="localRepository" value="D:\Workspaces\mavenRepository"/>
    <property name="java.vendor.url.bug" value="http://bugreport.sun.com/bugreport/"/>
    <property name="java.io.tmpdir" value="C:\Users\whwen\AppData\Local\Temp\"/>
    <property name="idea.version" value="2018.3.6"/>
    <property name="java.version" value="1.8.0_171"/>
    <property name="user.dir" value="D:\Workspaces\IDEA\shoppingwebsite"/>
    <property name="os.arch" value="amd64"/>
    <property name="java.vm.specification.name" value="Java Virtual Machine Specification"/>
    <property name="java.awt.printerjob" value="sun.awt.windows.WPrinterJob"/>
    <property name="sun.os.patch.level" value=""/>
    <property name="java.library.path" value="D:\Program Files\Java\jdk1.8.0_171\jre\bin;C:\WINDOWS\Sun\Java\bin;C:\WINDOWS\system32;C:\WINDOWS;D:\tomcat\apache-maven-3.5.0\bin;D:\Program Files\Java\jdk1.8.0_171\bin;D:\Program Files\Java\jdk1.8.0_171\jre\bin;C:\WINDOWS\system32;C:\WINDOWS;C:\WINDOWS\System32\Wbem;C:\WINDOWS\System32\WindowsPowerShell\v1.0\;C:\WINDOWS\System32\OpenSSH\;D:\Program Files\MySQL\bin;D:\tomcat\apache-tomcat-7.0.105\bin;D:\Program Files (x86)\Xmanager\Xftp 7\;C:\Program Files\TortoiseSVN\bin;C:\Program Files\VisualSVN Server\bin;D:\Program Files (x86)\Rides\;D:\Program Files (x86)\Git\cmd;D:\Program Files (x86)\xftt服务器\;D:\Program Files (x86)\nodo\;C:\Users\whwen\AppData\Local\Microsoft\WindowsApps;C:\Users\whwen\AppData\Roaming\npm;."/>
    <property name="java.vm.info" value="mixed mode"/>
    <property name="java.vendor" value="Oracle Corporation"/>
    <property name="java.vm.version" value="25.171-b11"/>
    <property name="java.ext.dirs" value="D:\Program Files\Java\jdk1.8.0_171\jre\lib\ext;C:\WINDOWS\Sun\Java\lib\ext"/>
    <property name="sun.io.unicode.encoding" value="UnicodeLittle"/>
    <property name="java.class.version" value="52.0"/>
  </properties>
  <testcase name="contextLoads" classname="com.lwh.shoppingwebsite.ShoppingwebsiteApplicationTests" time="0.142"/>
</testsuite>